[2017-12-30 16:50:54:0657] | CInterfaceManager.cpp-L4464: CamCtrl[2020104], GigE SDKVersion(1040104), DriverVersion(1040104)
[2017-12-30 16:50:56:0920] | CInterfaceManager.cpp-L1055: remalloc RecvBuf succeed, [5015552]
[2017-12-30 16:50:56:0948] | CInterfaceManager.cpp-L4150: Camctrl RecvThread Start, ThreadId[4820]
[2017-12-30 16:50:56:0948] | CInterfaceManager.cpp-L3980: Camctrl DisplayThread Start, ThreadId[1204]
[2017-12-30 16:51:17:0584] |         XmlParse.cpp-L2237: SetNodeValue [ExposureAuto], [Node is not writable. : AccessException thrown in node 'ExposureAuto' while calling 'ExposureAuto.SetIntValue()' (file 'EnumerationT.h', line 83)]
[2017-12-30 16:51:47:0383] | CInterfaceManager.cpp-L1194: getfcnt [0], getfcntsucceed[0], totalRecv[0] 
[2017-12-30 16:51:57:0153] | CInterfaceManager.cpp-L4138: DisplayProcess exit
[2017-12-30 16:52:43:0944] | CInterfaceManager.cpp-L4291: RecvThreadProcess exit
[2017-12-30 16:52:43:0972] | CInterfaceManager.cpp-L1194: getfcnt [0], getfcntsucceed[0], totalRecv[0] 
[2017-12-30 16:52:47:0297] | CInterfaceManager.cpp-L4464: CamCtrl[2020104], GigE SDKVersion(1040104), DriverVersion(1040104)
[2017-12-30 16:52:51:0427] | CInterfaceManager.cpp-L1055: remalloc RecvBuf succeed, [5015552]
[2017-12-30 16:52:51:0456] | CInterfaceManager.cpp-L4150: Camctrl RecvThread Start, ThreadId[4312]
[2017-12-30 16:52:51:0456] | CInterfaceManager.cpp-L3980: Camctrl DisplayThread Start, ThreadId[3412]
[2017-12-30 16:53:26:0892] | CInterfaceManager.cpp-L4291: RecvThreadProcess exit
[2017-12-30 16:53:26:0965] | CInterfaceManager.cpp-L4138: DisplayProcess exit
[2017-12-30 16:53:26:0990] | CInterfaceManager.cpp-L1194: getfcnt [0], getfcntsucceed[0], totalRecv[0] 
[2017-12-30 16:55:59:0838] | CInterfaceManager.cpp-L4464: CamCtrl[2020104], GigE SDKVersion(1040104), DriverVersion(1040104)
[2017-12-30 16:56:04:0254] |         XmlParse.cpp-L2634: SetNodeValue [TriggerSoftware], [Node is not writable. : AccessException thrown in node 'TriggerSoftware' while calling 'TriggerSoftware.Execute()' (file 'CommandT.h', line 61)]
[2017-12-30 16:59:52:0766] | CInterfaceManager.cpp-L4464: CamCtrl[2020104], GigE SDKVersion(1040104), DriverVersion(1040104)
[2017-12-30 16:59:53:0988] | CInterfaceManager.cpp-L1055: remalloc RecvBuf succeed, [5015552]
[2017-12-30 16:59:54:0013] | CInterfaceManager.cpp-L4150: Camctrl RecvThread Start, ThreadId[2484]
[2017-12-30 16:59:54:0013] | CInterfaceManager.cpp-L3980: Camctrl DisplayThread Start, ThreadId[872]
[2017-12-30 17:00:10:0617] | CInterfaceManager.cpp-L4138: DisplayProcess exit
[2017-12-30 17:00:10:0692] | CInterfaceManager.cpp-L4291: RecvThreadProcess exit
[2017-12-30 17:00:10:0719] | CInterfaceManager.cpp-L1194: getfcnt [0], getfcntsucceed[0], totalRecv[0] 
[2017-12-30 17:00:23:0934] | CInterfaceManager.cpp-L4464: CamCtrl[2020104], GigE SDKVersion(1040104), DriverVersion(1040104)
[2017-12-30 17:00:25:0317] | CInterfaceManager.cpp-L1055: remalloc RecvBuf succeed, [5015552]
[2017-12-30 17:00:25:0344] | CInterfaceManager.cpp-L4150: Camctrl RecvThread Start, ThreadId[6088]
[2017-12-30 17:00:25:0344] | CInterfaceManager.cpp-L3980: Camctrl DisplayThread Start, ThreadId[5772]
[2017-12-30 17:01:14:0449] | CInterfaceManager.cpp-L4138: DisplayProcess exit
[2017-12-30 17:01:14:0488] | CInterfaceManager.cpp-L4291: RecvThreadProcess exit
[2017-12-30 17:01:14:0514] | CInterfaceManager.cpp-L1194: getfcnt [0], getfcntsucceed[0], totalRecv[0] 
[2017-12-30 17:03:35:0836] | CInterfaceManager.cpp-L4464: CamCtrl[2020104], GigE SDKVersion(1040104), DriverVersion(1040104)
[2017-12-30 17:03:38:0247] | CInterfaceManager.cpp-L1055: remalloc RecvBuf succeed, [5015552]
[2017-12-30 17:03:38:0271] | CInterfaceManager.cpp-L4150: Camctrl RecvThread Start, ThreadId[5740]
[2017-12-30 17:03:38:0272] | CInterfaceManager.cpp-L3980: Camctrl DisplayThread Start, ThreadId[6000]
[2017-12-30 17:04:05:0204] |         XmlParse.cpp-L2237: SetNodeValue [ExposureAuto], [Node is not writable. : AccessException thrown in node 'ExposureAuto' while calling 'ExposureAuto.SetIntValue()' (file 'EnumerationT.h', line 83)]
[2017-12-30 17:04:39:0476] | CInterfaceManager.cpp-L4138: DisplayProcess exit
[2017-12-30 17:04:39:0563] | CInterfaceManager.cpp-L4291: RecvThreadProcess exit
[2017-12-30 17:04:39:0588] | CInterfaceManager.cpp-L1194: getfcnt [0], getfcntsucceed[0], totalRecv[0] 
[2018-01-02 09:31:19:0149] | CInterfaceManager.cpp-L4464: CamCtrl[2020104], GigE SDKVersion(1040104), DriverVersion(1040104)
[2018-01-02 09:31:20:0435] | CInterfaceManager.cpp-L1055: remalloc RecvBuf succeed, [5015552]
[2018-01-02 09:31:20:0460] | CInterfaceManager.cpp-L4150: Camctrl RecvThread Start, ThreadId[5344]
[2018-01-02 09:31:20:0460] | CInterfaceManager.cpp-L3980: Camctrl DisplayThread Start, ThreadId[5348]
[2018-01-02 09:32:07:0503] |         XmlParse.cpp-L2237: SetNodeValue [ExposureAuto], [Node is not writable. : AccessException thrown in node 'ExposureAuto' while calling 'ExposureAuto.SetIntValue()' (file 'EnumerationT.h', line 83)]
[2018-01-02 09:32:24:0403] |         XmlParse.cpp-L2237: SetNodeValue [ExposureAuto], [Node is not writable. : AccessException thrown in node 'ExposureAuto' while calling 'ExposureAuto.SetIntValue()' (file 'EnumerationT.h', line 83)]
[2018-01-02 09:32:35:0712] | CInterfaceManager.cpp-L1194: getfcnt [0], getfcntsucceed[0], totalRecv[0] 
[2018-01-02 09:32:36:0972] | CInterfaceManager.cpp-L4138: DisplayProcess exit
[2018-01-02 09:32:36:0979] | CInterfaceManager.cpp-L4291: RecvThreadProcess exit
[2018-01-02 09:32:46:0644] | CInterfaceManager.cpp-L4464: CamCtrl[2020104], GigE SDKVersion(1040104), DriverVersion(1040104)
[2018-01-02 09:32:50:0370] | CInterfaceManager.cpp-L1055: remalloc RecvBuf succeed, [5015552]
[2018-01-02 09:32:50:0395] | CInterfaceManager.cpp-L4150: Camctrl RecvThread Start, ThreadId[4592]
[2018-01-02 09:32:50:0395] | CInterfaceManager.cpp-L3980: Camctrl DisplayThread Start, ThreadId[4620]
[2018-01-02 09:34:52:0693] |         XmlParse.cpp-L2237: SetNodeValue [ExposureAuto], [Node is not writable. : AccessException thrown in node 'ExposureAuto' while calling 'ExposureAuto.SetIntValue()' (file 'EnumerationT.h', line 83)]
[2018-01-02 09:35:05:0838] | CInterfaceManager.cpp-L4291: RecvThreadProcess exit
[2018-01-02 09:35:05:0907] | CInterfaceManager.cpp-L4138: DisplayProcess exit
[2018-01-02 09:35:05:0933] | CInterfaceManager.cpp-L1194: getfcnt [0], getfcntsucceed[0], totalRecv[0] 
[2018-01-02 09:38:24:0036] | CInterfaceManager.cpp-L4464: CamCtrl[2020104], GigE SDKVersion(1040104), DriverVersion(1040104)
[2018-01-02 09:38:26:0177] | CInterfaceManager.cpp-L1055: remalloc RecvBuf succeed, [5015552]
[2018-01-02 09:38:26:0201] | CInterfaceManager.cpp-L4150: Camctrl RecvThread Start, ThreadId[4912]
[2018-01-02 09:38:26:0202] | CInterfaceManager.cpp-L3980: Camctrl DisplayThread Start, ThreadId[4164]
[2018-01-02 09:38:37:0206] | CInterfaceManager.cpp-L4138: DisplayProcess exit
[2018-01-02 09:38:37:0218] | CInterfaceManager.cpp-L4291: RecvThreadProcess exit
[2018-01-02 09:38:37:0243] | CInterfaceManager.cpp-L1194: getfcnt [0], getfcntsucceed[0], totalRecv[0] 
[2018-01-02 09:38:39:0056] | CInterfaceManager.cpp-L4464: CamCtrl[2020104], GigE SDKVersion(1040104), DriverVersion(1040104)
[2018-01-02 09:38:40:0602] | CInterfaceManager.cpp-L1055: remalloc RecvBuf succeed, [5015552]
[2018-01-02 09:38:40:0630] | CInterfaceManager.cpp-L4150: Camctrl RecvThread Start, ThreadId[3444]
[2018-01-02 09:38:40:0630] | CInterfaceManager.cpp-L3980: Camctrl DisplayThread Start, ThreadId[4504]
[2018-01-02 09:08:24:0997] | CInterfaceManager.cpp-L1194: getfcnt [0], getfcntsucceed[0], totalRecv[0] 
[2018-01-02 09:08:26:0528] | CInterfaceManager.cpp-L4291: RecvThreadProcess exit
[2018-01-02 09:08:26:0555] | CInterfaceManager.cpp-L4138: DisplayProcess exit
[2018-01-02 09:11:14:0905] | CInterfaceManager.cpp-L4464: CamCtrl[2020104], GigE SDKVersion(1040104), DriverVersion(1040104)
[2018-01-02 09:11:17:0633] | CInterfaceManager.cpp-L1055: remalloc RecvBuf succeed, [5015552]
[2018-01-02 09:11:17:0658] | CInterfaceManager.cpp-L4150: Camctrl RecvThread Start, ThreadId[2192]
[2018-01-02 09:11:17:0658] | CInterfaceManager.cpp-L3980: Camctrl DisplayThread Start, ThreadId[3912]
[2018-01-02 09:11:31:0226] | CInterfaceManager.cpp-L1194: getfcnt [0], getfcntsucceed[0], totalRecv[0] 
[2018-01-02 09:11:32:0284] | CInterfaceManager.cpp-L4291: RecvThreadProcess exit
[2018-01-02 09:11:32:0359] | CInterfaceManager.cpp-L4138: DisplayProcess exit
[2018-01-02 09:14:15:0705] | CInterfaceManager.cpp-L4464: CamCtrl[2020104], GigE SDKVersion(1040104), DriverVersion(1040104)
[2018-01-02 09:14:16:0826] | CInterfaceManager.cpp-L1055: remalloc RecvBuf succeed, [5015552]
[2018-01-02 09:14:16:0851] | CInterfaceManager.cpp-L4150: Camctrl RecvThread Start, ThreadId[5576]
[2018-01-02 09:14:16:0851] | CInterfaceManager.cpp-L3980: Camctrl DisplayThread Start, ThreadId[5608]
[2018-01-02 09:14:36:0161] | CInterfaceManager.cpp-L1194: getfcnt [0], getfcntsucceed[0], totalRecv[0] 
[2018-01-02 09:14:37:0505] | CInterfaceManager.cpp-L4291: RecvThreadProcess exit
[2018-01-02 09:14:37:0557] | CInterfaceManager.cpp-L4138: DisplayProcess exit
[2018-01-02 09:15:50:0077] | CInterfaceManager.cpp-L4464: CamCtrl[2020104], GigE SDKVersion(1040104), DriverVersion(1040104)
[2018-01-02 09:15:54:0667] | CInterfaceManager.cpp-L1055: remalloc RecvBuf succeed, [5015552]
[2018-01-02 09:15:54:0692] | CInterfaceManager.cpp-L4150: Camctrl RecvThread Start, ThreadId[2080]
[2018-01-02 09:15:54:0692] | CInterfaceManager.cpp-L3980: Camctrl DisplayThread Start, ThreadId[5996]
[2018-01-02 09:16:07:0194] | CInterfaceManager.cpp-L1194: getfcnt [0], getfcntsucceed[0], totalRecv[0] 
[2018-01-02 09:16:08:0493] | CInterfaceManager.cpp-L4138: DisplayProcess exit
[2018-01-02 09:16:08:0494] | CInterfaceManager.cpp-L4291: RecvThreadProcess exit
[2018-01-02 09:24:38:0301] | CInterfaceManager.cpp-L4464: CamCtrl[2020104], GigE SDKVersion(1040104), DriverVersion(1040104)
[2018-01-02 09:24:39:0519] | CInterfaceManager.cpp-L1055: remalloc RecvBuf succeed, [5015552]
[2018-01-02 09:24:39:0548] | CInterfaceManager.cpp-L4150: Camctrl RecvThread Start, ThreadId[3048]
[2018-01-02 09:24:39:0548] | CInterfaceManager.cpp-L3980: Camctrl DisplayThread Start, ThreadId[6096]
[2018-01-02 09:25:01:0245] | CInterfaceManager.cpp-L4291: RecvThreadProcess exit
[2018-01-02 09:25:01:0260] | CInterfaceManager.cpp-L4138: DisplayProcess exit
[2018-01-02 09:25:01:0284] | CInterfaceManager.cpp-L1194: getfcnt [0], getfcntsucceed[0], totalRecv[0] 
[2018-01-02 09:26:23:0484] | CInterfaceManager.cpp-L4464: CamCtrl[2020104], GigE SDKVersion(1040104), DriverVersion(1040104)
[2018-01-02 09:26:25:0192] | CInterfaceManager.cpp-L1055: remalloc RecvBuf succeed, [5015552]
[2018-01-02 09:26:25:0216] | CInterfaceManager.cpp-L4150: Camctrl RecvThread Start, ThreadId[4260]
[2018-01-02 09:26:25:0216] | CInterfaceManager.cpp-L3980: Camctrl DisplayThread Start, ThreadId[5660]
[2018-01-02 09:26:35:0115] | CInterfaceManager.cpp-L1194: getfcnt [0], getfcntsucceed[0], totalRecv[0] 
[2018-01-02 09:26:36:0096] | CInterfaceManager.cpp-L4291: RecvThreadProcess exit
[2018-01-02 09:26:36:0123] | CInterfaceManager.cpp-L4138: DisplayProcess exit
[2018-01-02 09:27:12:0468] | CInterfaceManager.cpp-L4464: CamCtrl[2020104], GigE SDKVersion(1040104), DriverVersion(1040104)
[2018-01-02 09:27:13:0868] | CInterfaceManager.cpp-L1055: remalloc RecvBuf succeed, [5015552]
[2018-01-02 09:27:13:0893] | CInterfaceManager.cpp-L4150: Camctrl RecvThread Start, ThreadId[2920]
[2018-01-02 09:27:13:0893] | CInterfaceManager.cpp-L3980: Camctrl DisplayThread Start, ThreadId[4360]
[2018-01-02 09:27:20:0268] | CInterfaceManager.cpp-L4291: RecvThreadProcess exit
[2018-01-02 09:27:20:0293] | CInterfaceManager.cpp-L4138: DisplayProcess exit
[2018-01-02 09:27:20:0318] | CInterfaceManager.cpp-L1194: getfcnt [0], getfcntsucceed[0], totalRecv[0] 
[2018-01-02 09:27:36:0136] | CInterfaceManager.cpp-L4464: CamCtrl[2020104], GigE SDKVersion(1040104), DriverVersion(1040104)
[2018-01-02 09:27:37:0683] | CInterfaceManager.cpp-L1055: remalloc RecvBuf succeed, [5015552]
[2018-01-02 09:27:37:0708] | CInterfaceManager.cpp-L4150: Camctrl RecvThread Start, ThreadId[2500]
[2018-01-02 09:27:37:0708] | CInterfaceManager.cpp-L3980: Camctrl DisplayThread Start, ThreadId[4128]
[2018-01-02 09:27:43:0769] | CInterfaceManager.cpp-L1194: getfcnt [0], getfcntsucceed[0], totalRecv[0] 
[2018-01-02 09:27:45:0058] | CInterfaceManager.cpp-L4291: RecvThreadProcess exit
[2018-01-02 09:27:45:0118] | CInterfaceManager.cpp-L4138: DisplayProcess exit
[2018-01-02 09:34:14:0225] | CInterfaceManager.cpp-L4464: CamCtrl[2020104], GigE SDKVersion(1040104), DriverVersion(1040104)
[2018-01-02 09:35:12:0230] | CInterfaceManager.cpp-L1055: remalloc RecvBuf succeed, [5015552]
[2018-01-02 09:35:12:0257] | CInterfaceManager.cpp-L4150: Camctrl RecvThread Start, ThreadId[5512]
[2018-01-02 09:35:12:0257] | CInterfaceManager.cpp-L3980: Camctrl DisplayThread Start, ThreadId[6040]
[2018-01-02 09:35:58:0247] | CInterfaceManager.cpp-L1194: getfcnt [0], getfcntsucceed[0], totalRecv[0] 
[2018-01-02 09:35:58:0854] | CInterfaceManager.cpp-L4291: RecvThreadProcess exit
[2018-01-02 09:35:58:0857] | CInterfaceManager.cpp-L4138: DisplayProcess exit
[2018-01-02 09:36:19:0941] | CInterfaceManager.cpp-L4464: CamCtrl[2020104], GigE SDKVersion(1040104), DriverVersion(1040104)
[2018-01-02 09:36:21:0632] | CInterfaceManager.cpp-L1055: remalloc RecvBuf succeed, [5015552]
[2018-01-02 09:36:21:0657] | CInterfaceManager.cpp-L4150: Camctrl RecvThread Start, ThreadId[2040]
[2018-01-02 09:36:21:0657] | CInterfaceManager.cpp-L3980: Camctrl DisplayThread Start, ThreadId[1892]
[2018-01-02 09:38:59:0569] | CInterfaceManager.cpp-L1194: getfcnt [0], getfcntsucceed[0], totalRecv[0] 
[2018-01-02 09:39:00:0231] | CInterfaceManager.cpp-L4291: RecvThreadProcess exit
[2018-01-02 09:39:00:0267] | CInterfaceManager.cpp-L4138: DisplayProcess exit
[2018-01-02 09:41:04:0946] | CInterfaceManager.cpp-L4464: CamCtrl[2020104], GigE SDKVersion(1040104), DriverVersion(1040104)
[2018-01-02 09:41:06:0305] | CInterfaceManager.cpp-L1055: remalloc RecvBuf succeed, [5015552]
[2018-01-02 09:41:06:0331] | CInterfaceManager.cpp-L4150: Camctrl RecvThread Start, ThreadId[5828]
[2018-01-02 09:41:06:0331] | CInterfaceManager.cpp-L3980: Camctrl DisplayThread Start, ThreadId[1716]
[2018-01-02 09:41:51:0176] | CInterfaceManager.cpp-L4291: RecvThreadProcess exit
[2018-01-02 09:41:51:0234] | CInterfaceManager.cpp-L4138: DisplayProcess exit
[2018-01-02 09:43:22:0036] | CInterfaceManager.cpp-L4464: CamCtrl[2020104], GigE SDKVersion(1040104), DriverVersion(1040104)
[2018-01-02 09:43:23:0921] | CInterfaceManager.cpp-L1055: remalloc RecvBuf succeed, [5015552]
[2018-01-02 09:43:23:0946] | CInterfaceManager.cpp-L4150: Camctrl RecvThread Start, ThreadId[1008]
[2018-01-02 09:43:23:0946] | CInterfaceManager.cpp-L3980: Camctrl DisplayThread Start, ThreadId[4628]
[2018-01-02 09:43:57:0769] | CInterfaceManager.cpp-L4138: DisplayProcess exit
[2018-01-02 09:43:57:0815] | CInterfaceManager.cpp-L4291: RecvThreadProcess exit
[2018-01-02 09:43:57:0839] | CInterfaceManager.cpp-L1194: getfcnt [0], getfcntsucceed[0], totalRecv[0] 
[2018-01-02 09:49:33:0103] | CInterfaceManager.cpp-L4464: CamCtrl[2020104], GigE SDKVersion(1040104), DriverVersion(1040104)
[2018-01-02 09:49:35:0929] | CInterfaceManager.cpp-L1055: remalloc RecvBuf succeed, [5015552]
[2018-01-02 09:49:35:0954] | CInterfaceManager.cpp-L4150: Camctrl RecvThread Start, ThreadId[5908]
[2018-01-02 09:49:35:0954] | CInterfaceManager.cpp-L3980: Camctrl DisplayThread Start, ThreadId[4524]
[2018-01-02 09:50:52:0138] | CInterfaceManager.cpp-L4291: RecvThreadProcess exit
[2018-01-02 09:50:52:0160] | CInterfaceManager.cpp-L4138: DisplayProcess exit
[2018-01-02 09:50:52:0184] | CInterfaceManager.cpp-L1194: getfcnt [0], getfcntsucceed[0], totalRecv[0] 
[2018-01-02 09:53:30:0106] | CInterfaceManager.cpp-L4464: CamCtrl[2020104], GigE SDKVersion(1040104), DriverVersion(1040104)
[2018-01-02 09:53:32:0845] | CInterfaceManager.cpp-L1055: remalloc RecvBuf succeed, [5015552]
[2018-01-02 09:53:32:0873] | CInterfaceManager.cpp-L4150: Camctrl RecvThread Start, ThreadId[3888]
[2018-01-02 09:53:32:0873] | CInterfaceManager.cpp-L3980: Camctrl DisplayThread Start, ThreadId[5184]
[2018-01-02 09:54:11:0653] | CInterfaceManager.cpp-L1194: getfcnt [0], getfcntsucceed[0], totalRecv[0] 
[2018-01-02 09:54:12:0799] | CInterfaceManager.cpp-L4291: RecvThreadProcess exit
[2018-01-02 09:54:12:0890] | CInterfaceManager.cpp-L4138: DisplayProcess exit
[2018-01-02 09:54:47:0355] | CInterfaceManager.cpp-L4464: CamCtrl[2020104], GigE SDKVersion(1040104), DriverVersion(1040104)
[2018-01-02 09:54:49:0729] | CInterfaceManager.cpp-L1055: remalloc RecvBuf succeed, [5015552]
[2018-01-02 09:54:49:0755] | CInterfaceManager.cpp-L4150: Camctrl RecvThread Start, ThreadId[4072]
[2018-01-02 09:54:49:0755] | CInterfaceManager.cpp-L3980: Camctrl DisplayThread Start, ThreadId[5800]
[2018-01-02 09:57:12:0953] | CInterfaceManager.cpp-L4138: DisplayProcess exit
[2018-01-02 09:57:12:0973] | CInterfaceManager.cpp-L4291: RecvThreadProcess exit
[2018-01-02 09:57:12:0998] | CInterfaceManager.cpp-L1194: getfcnt [0], getfcntsucceed[0], totalRecv[0] 
[2018-01-02 10:01:29:0802] | CInterfaceManager.cpp-L4464: CamCtrl[2020104], GigE SDKVersion(1040104), DriverVersion(1040104)
[2018-01-02 10:01:33:0244] | CInterfaceManager.cpp-L1055: remalloc RecvBuf succeed, [5015552]
[2018-01-02 10:01:33:0270] | CInterfaceManager.cpp-L4150: Camctrl RecvThread Start, ThreadId[6132]
[2018-01-02 10:01:33:0270] | CInterfaceManager.cpp-L3980: Camctrl DisplayThread Start, ThreadId[560]
[2018-01-02 10:01:52:0887] | CInterfaceManager.cpp-L1194: getfcnt [0], getfcntsucceed[0], totalRecv[0] 
[2018-01-02 10:01:53:0714] | CInterfaceManager.cpp-L4291: RecvThreadProcess exit
[2018-01-02 10:01:53:0771] | CInterfaceManager.cpp-L4138: DisplayProcess exit
[2018-01-02 09:18:04:0500] | CInterfaceManager.cpp-L4464: CamCtrl[2020104], GigE SDKVersion(1040104), DriverVersion(1040104)
[2018-01-02 09:18:05:0850] | CInterfaceManager.cpp-L1055: remalloc RecvBuf succeed, [5015552]
[2018-01-02 09:18:05:0883] | CInterfaceManager.cpp-L4150: Camctrl RecvThread Start, ThreadId[2920]
[2018-01-02 09:18:05:0883] | CInterfaceManager.cpp-L3980: Camctrl DisplayThread Start, ThreadId[1848]
[2018-01-02 09:18:24:0138] | CInterfaceManager.cpp-L4138: DisplayProcess exit
[2018-01-02 09:18:24:0140] | CInterfaceManager.cpp-L4291: RecvThreadProcess exit
[2018-01-02 09:18:24:0168] | CInterfaceManager.cpp-L1194: getfcnt [0], getfcntsucceed[0], totalRecv[0] 
[2018-01-02 09:19:11:0044] | CInterfaceManager.cpp-L4464: CamCtrl[2020104], GigE SDKVersion(1040104), DriverVersion(1040104)
[2018-01-02 09:19:13:0530] | CInterfaceManager.cpp-L1055: remalloc RecvBuf succeed, [5015552]
[2018-01-02 09:19:13:0561] | CInterfaceManager.cpp-L4150: Camctrl RecvThread Start, ThreadId[6056]
[2018-01-02 09:19:13:0561] | CInterfaceManager.cpp-L3980: Camctrl DisplayThread Start, ThreadId[5984]
[2018-01-02 09:19:24:0462] | CInterfaceManager.cpp-L4291: RecvThreadProcess exit
[2018-01-02 09:19:24:0525] | CInterfaceManager.cpp-L4138: DisplayProcess exit
[2018-01-02 09:19:24:0550] | CInterfaceManager.cpp-L1194: getfcnt [0], getfcntsucceed[0], totalRecv[0] 
[2018-01-02 09:19:48:0783] | CInterfaceManager.cpp-L4464: CamCtrl[2020104], GigE SDKVersion(1040104), DriverVersion(1040104)
[2018-01-02 09:19:50:0125] | CInterfaceManager.cpp-L1055: remalloc RecvBuf succeed, [5015552]
[2018-01-02 09:19:50:0151] | CInterfaceManager.cpp-L4150: Camctrl RecvThread Start, ThreadId[1172]
[2018-01-02 09:19:50:0151] | CInterfaceManager.cpp-L3980: Camctrl DisplayThread Start, ThreadId[5584]
[2018-01-02 09:21:30:0858] | CInterfaceManager.cpp-L4291: RecvThreadProcess exit
[2018-01-02 09:21:30:0886] | CInterfaceManager.cpp-L4138: DisplayProcess exit
[2018-01-02 09:21:30:0910] | CInterfaceManager.cpp-L1194: getfcnt [0], getfcntsucceed[0], totalRecv[0] 
[2018-01-02 13:32:07:0727] | CInterfaceManager.cpp-L4464: CamCtrl[2020104], GigE SDKVersion(1040104), DriverVersion(1040104)
[2018-01-02 13:32:09:0033] | CInterfaceManager.cpp-L1055: remalloc RecvBuf succeed, [5015552]
[2018-01-02 13:32:09:0060] | CInterfaceManager.cpp-L4150: Camctrl RecvThread Start, ThreadId[4120]
[2018-01-02 13:32:09:0060] | CInterfaceManager.cpp-L3980: Camctrl DisplayThread Start, ThreadId[592]
[2018-01-02 13:32:33:0600] |         XmlParse.cpp-L2237: SetNodeValue [ExposureAuto], [Node is not writable. : AccessException thrown in node 'ExposureAuto' while calling 'ExposureAuto.SetIntValue()' (file 'EnumerationT.h', line 83)]
[2018-01-02 13:32:39:0282] |         XmlParse.cpp-L2237: SetNodeValue [ExposureAuto], [Node is not writable. : AccessException thrown in node 'ExposureAuto' while calling 'ExposureAuto.SetIntValue()' (file 'EnumerationT.h', line 83)]
[2018-01-02 13:34:15:0094] | CInterfaceManager.cpp-L4138: DisplayProcess exit
[2018-01-02 13:34:15:0097] | CInterfaceManager.cpp-L4291: RecvThreadProcess exit
[2018-01-02 13:34:15:0122] | CInterfaceManager.cpp-L1194: getfcnt [0], getfcntsucceed[0], totalRecv[0] 
[2018-01-02 13:37:27:0538] | CInterfaceManager.cpp-L4464: CamCtrl[2020104], GigE SDKVersion(1040104), DriverVersion(1040104)
[2018-01-02 13:37:30:0191] | CInterfaceManager.cpp-L1055: remalloc RecvBuf succeed, [5015552]
[2018-01-02 13:37:30:0218] | CInterfaceManager.cpp-L4150: Camctrl RecvThread Start, ThreadId[800]
[2018-01-02 13:37:30:0218] | CInterfaceManager.cpp-L3980: Camctrl DisplayThread Start, ThreadId[4940]
[2018-01-02 13:44:23:0813] | CInterfaceManager.cpp-L1194: getfcnt [0], getfcntsucceed[0], totalRecv[0] 
[2018-01-02 13:44:24:0827] | CInterfaceManager.cpp-L4291: RecvThreadProcess exit
[2018-01-02 13:44:24:0831] | CInterfaceManager.cpp-L4138: DisplayProcess exit
[2018-01-02 13:53:28:0504] | CInterfaceManager.cpp-L4464: CamCtrl[2020104], GigE SDKVersion(1040104), DriverVersion(1040104)
[2018-01-02 13:53:29:0879] | CInterfaceManager.cpp-L1055: remalloc RecvBuf succeed, [5015552]
[2018-01-02 13:53:29:0906] | CInterfaceManager.cpp-L4150: Camctrl RecvThread Start, ThreadId[5316]
[2018-01-02 13:53:29:0906] | CInterfaceManager.cpp-L3980: Camctrl DisplayThread Start, ThreadId[5320]
[2018-01-02 13:53:52:0608] | CInterfaceManager.cpp-L4138: DisplayProcess exit
[2018-01-02 13:53:52:0609] | CInterfaceManager.cpp-L4291: RecvThreadProcess exit
[2018-01-02 13:53:52:0636] | CInterfaceManager.cpp-L1194: getfcnt [0], getfcntsucceed[0], totalRecv[0] 
[2018-01-02 13:54:54:0234] | CInterfaceManager.cpp-L4464: CamCtrl[2020104], GigE SDKVersion(1040104), DriverVersion(1040104)
[2018-01-02 13:54:55:0941] | CInterfaceManager.cpp-L1055: remalloc RecvBuf succeed, [5015552]
[2018-01-02 13:54:55:0966] | CInterfaceManager.cpp-L4150: Camctrl RecvThread Start, ThreadId[2604]
[2018-01-02 13:54:55:0966] | CInterfaceManager.cpp-L3980: Camctrl DisplayThread Start, ThreadId[5032]
[2018-01-02 13:57:22:0016] |         XmlParse.cpp-L2237: SetNodeValue [ExposureAuto], [Node is not writable. : AccessException thrown in node 'ExposureAuto' while calling 'ExposureAuto.SetIntValue()' (file 'EnumerationT.h', line 83)]
[2018-01-02 13:57:24:0354] | CInterfaceManager.cpp-L4138: DisplayProcess exit
[2018-01-02 13:57:24:0378] | CInterfaceManager.cpp-L4291: RecvThreadProcess exit
[2018-01-02 13:57:24:0403] | CInterfaceManager.cpp-L1194: getfcnt [0], getfcntsucceed[0], totalRecv[0] 
[2018-01-02 14:04:08:0764] | CInterfaceManager.cpp-L4464: CamCtrl[2020104], GigE SDKVersion(1040104), DriverVersion(1040104)
[2018-01-02 14:04:22:0717] |         XmlParse.cpp-L2237: SetNodeValue [ExposureAuto], [Node is not writable. : AccessException thrown in node 'ExposureAuto' while calling 'ExposureAuto.SetIntValue()' (file 'EnumerationT.h', line 83)]
[2018-01-02 14:04:35:0148] | CInterfaceManager.cpp-L1055: remalloc RecvBuf succeed, [5015552]
[2018-01-02 14:04:35:0173] | CInterfaceManager.cpp-L4150: Camctrl RecvThread Start, ThreadId[5128]
[2018-01-02 14:04:35:0173] | CInterfaceManager.cpp-L3980: Camctrl DisplayThread Start, ThreadId[4844]
[2018-01-02 14:06:31:0870] | CInterfaceManager.cpp-L4291: RecvThreadProcess exit
[2018-01-02 14:06:31:0937] | CInterfaceManager.cpp-L4138: DisplayProcess exit
[2018-01-02 14:06:31:0961] | CInterfaceManager.cpp-L1194: getfcnt [0], getfcntsucceed[0], totalRecv[0] 
[2018-01-02 14:07:40:0825] | CInterfaceManager.cpp-L4464: CamCtrl[2020104], GigE SDKVersion(1040104), DriverVersion(1040104)
[2018-01-02 14:07:42:0227] | CInterfaceManager.cpp-L1055: remalloc RecvBuf succeed, [5015552]
[2018-01-02 14:07:42:0252] | CInterfaceManager.cpp-L4150: Camctrl RecvThread Start, ThreadId[4784]
[2018-01-02 14:07:42:0252] | CInterfaceManager.cpp-L3980: Camctrl DisplayThread Start, ThreadId[4288]
[2018-01-02 14:08:02:0529] | CInterfaceManager.cpp-L4291: RecvThreadProcess exit
[2018-01-02 14:08:02:0553] | CInterfaceManager.cpp-L4138: DisplayProcess exit
[2018-01-02 14:08:02:0577] | CInterfaceManager.cpp-L1194: getfcnt [0], getfcntsucceed[0], totalRecv[0] 
[2018-01-02 14:09:06:0688] | CInterfaceManager.cpp-L4464: CamCtrl[2020104], GigE SDKVersion(1040104), DriverVersion(1040104)
[2018-01-02 14:09:09:0320] | CInterfaceManager.cpp-L1055: remalloc RecvBuf succeed, [5015552]
[2018-01-02 14:09:09:0345] | CInterfaceManager.cpp-L4150: Camctrl RecvThread Start, ThreadId[5680]
[2018-01-02 14:09:09:0345] | CInterfaceManager.cpp-L3980: Camctrl DisplayThread Start, ThreadId[2932]
[2018-01-02 14:16:41:0596] | CInterfaceManager.cpp-L4291: RecvThreadProcess exit
[2018-01-02 14:16:41:0618] | CInterfaceManager.cpp-L4138: DisplayProcess exit
[2018-01-02 14:16:41:0643] | CInterfaceManager.cpp-L1194: getfcnt [0], getfcntsucceed[0], totalRecv[0] 
[2018-01-02 14:16:45:0179] | CInterfaceManager.cpp-L4464: CamCtrl[2020104], GigE SDKVersion(1040104), DriverVersion(1040104)
[2018-01-02 14:16:55:0967] | CInterfaceManager.cpp-L1055: remalloc RecvBuf succeed, [5015552]
[2018-01-02 14:16:56:0001] | CInterfaceManager.cpp-L4150: Camctrl RecvThread Start, ThreadId[5996]
[2018-01-02 14:16:56:0001] | CInterfaceManager.cpp-L3980: Camctrl DisplayThread Start, ThreadId[6132]
[2018-01-02 14:16:59:0102] | CInterfaceManager.cpp-L4138: DisplayProcess exit
[2018-01-02 14:16:59:0102] | CInterfaceManager.cpp-L4291: RecvThreadProcess exit
[2018-01-02 14:16:59:0127] | CInterfaceManager.cpp-L1194: getfcnt [0], getfcntsucceed[0], totalRecv[0] 
[2018-01-02 14:17:00:0911] | CInterfaceManager.cpp-L4464: CamCtrl[2020104], GigE SDKVersion(1040104), DriverVersion(1040104)
[2018-01-02 14:17:02:0040] | CInterfaceManager.cpp-L1055: remalloc RecvBuf succeed, [5015552]
[2018-01-02 14:17:02:0065] | CInterfaceManager.cpp-L4150: Camctrl RecvThread Start, ThreadId[5480]
[2018-01-02 14:17:02:0065] | CInterfaceManager.cpp-L3980: Camctrl DisplayThread Start, ThreadId[2764]
[2018-01-02 14:17:05:0365] | CInterfaceManager.cpp-L4291: RecvThreadProcess exit
[2018-01-02 14:17:05:0365] | CInterfaceManager.cpp-L4138: DisplayProcess exit
[2018-01-02 14:17:05:0389] | CInterfaceManager.cpp-L1194: getfcnt [0], getfcntsucceed[0], totalRecv[0] 
[2018-01-02 14:17:07:0049] | CInterfaceManager.cpp-L4464: CamCtrl[2020104], GigE SDKVersion(1040104), DriverVersion(1040104)
[2018-01-02 14:17:13:0437] | CInterfaceManager.cpp-L1055: remalloc RecvBuf succeed, [5015552]
[2018-01-02 14:17:13:0462] | CInterfaceManager.cpp-L4150: Camctrl RecvThread Start, ThreadId[5900]
[2018-01-02 14:17:13:0462] | CInterfaceManager.cpp-L3980: Camctrl DisplayThread Start, ThreadId[3004]
[2018-01-02 14:17:19:0063] | CInterfaceManager.cpp-L4138: DisplayProcess exit
[2018-01-02 14:17:19:0063] | CInterfaceManager.cpp-L4291: RecvThreadProcess exit
[2018-01-02 14:17:19:0087] | CInterfaceManager.cpp-L1194: getfcnt [0], getfcntsucceed[0], totalRecv[0] 
[2018-01-02 13:58:16:0735] | CInterfaceManager.cpp-L4464: CamCtrl[2020104], GigE SDKVersion(1040104), DriverVersion(1040104)
[2018-01-02 14:07:42:0794] | CInterfaceManager.cpp-L4464: CamCtrl[2020104], GigE SDKVersion(1040104), DriverVersion(1040104)
[2018-01-02 14:08:41:0258] | CInterfaceManager.cpp-L4464: CamCtrl[2020104], GigE SDKVersion(1040104), DriverVersion(1040104)
[2018-01-02 14:09:15:0874] |         XmlParse.cpp-L2634: SetNodeValue [TriggerSoftware], [Node is not writable. : AccessException thrown in node 'TriggerSoftware' while calling 'TriggerSoftware.Execute()' (file 'CommandT.h', line 61)]
[2018-01-02 14:09:19:0684] |         XmlParse.cpp-L2634: SetNodeValue [TriggerSoftware], [Node is not writable. : AccessException thrown in node 'TriggerSoftware' while calling 'TriggerSoftware.Execute()' (file 'CommandT.h', line 61)]
[2018-01-02 14:11:32:0170] | CInterfaceManager.cpp-L4464: CamCtrl[2020104], GigE SDKVersion(1040104), DriverVersion(1040104)
[2018-01-02 14:13:08:0414] | CInterfaceManager.cpp-L4464: CamCtrl[2020104], GigE SDKVersion(1040104), DriverVersion(1040104)
[2018-01-02 14:13:11:0595] | CInterfaceManager.cpp-L4464: CamCtrl[2020104], GigE SDKVersion(1040104), DriverVersion(1040104)
[2018-01-02 14:13:15:0399] | CInterfaceManager.cpp-L4464: CamCtrl[2020104], GigE SDKVersion(1040104), DriverVersion(1040104)
[2018-01-02 14:28:15:0990] | CInterfaceManager.cpp-L4464: CamCtrl[2020104], GigE SDKVersion(1040104), DriverVersion(1040104)
[2018-01-02 14:28:23:0022] | CInterfaceManager.cpp-L4464: CamCtrl[2020104], GigE SDKVersion(1040104), DriverVersion(1040104)
[2018-01-02 14:28:30:0142] | CInterfaceManager.cpp-L4464: CamCtrl[2020104], GigE SDKVersion(1040104), DriverVersion(1040104)
[2018-01-02 14:28:46:0980] | CInterfaceManager.cpp-L4464: CamCtrl[2020104], GigE SDKVersion(1040104), DriverVersion(1040104)
[2018-01-02 14:29:38:0619] | CInterfaceManager.cpp-L4464: CamCtrl[2020104], GigE SDKVersion(1040104), DriverVersion(1040104)
[2018-01-02 13:32:47:0314] | CInterfaceManager.cpp-L4464: CamCtrl[2020104], GigE SDKVersion(1040104), DriverVersion(1040104)
[2018-01-02 13:55:20:0601] | CInterfaceManager.cpp-L4464: CamCtrl[2020104], GigE SDKVersion(1040104), DriverVersion(1040104)
[2018-01-02 13:55:46:0433] | CInterfaceManager.cpp-L4464: CamCtrl[2020104], GigE SDKVersion(1040104), DriverVersion(1040104)
[2018-01-02 16:55:40:0509] | CInterfaceManager.cpp-L4464: CamCtrl[2020104], GigE SDKVersion(1040104), DriverVersion(1040104)
[2018-01-02 16:55:44:0623] |         XmlParse.cpp-L2237: SetNodeValue [ExposureAuto], [Node is not writable. : AccessException thrown in node 'ExposureAuto' while calling 'ExposureAuto.SetIntValue()' (file 'EnumerationT.h', line 83)]
[2018-01-02 16:55:46:0649] | CInterfaceManager.cpp-L1055: remalloc RecvBuf succeed, [5015552]
[2018-01-02 16:55:46:0674] | CInterfaceManager.cpp-L4150: Camctrl RecvThread Start, ThreadId[5324]
[2018-01-02 16:55:46:0674] | CInterfaceManager.cpp-L3980: Camctrl DisplayThread Start, ThreadId[5328]
[2018-01-02 16:56:42:0863] | CInterfaceManager.cpp-L4291: RecvThreadProcess exit
[2018-01-02 16:56:42:0877] | CInterfaceManager.cpp-L4138: DisplayProcess exit
[2018-01-02 16:56:42:0902] | CInterfaceManager.cpp-L1194: getfcnt [0], getfcntsucceed[0], totalRecv[0] 
[2018-01-02 17:44:11:0728] | CInterfaceManager.cpp-L4464: CamCtrl[2020104], GigE SDKVersion(1040104), DriverVersion(1040104)
[2018-01-02 16:59:47:0799] | CInterfaceManager.cpp-L4464: CamCtrl[2020104], GigE SDKVersion(1040104), DriverVersion(1040104)
[2018-01-02 16:59:49:0840] | CInterfaceManager.cpp-L1055: remalloc RecvBuf succeed, [5015552]
[2018-01-02 16:59:49:0865] | CInterfaceManager.cpp-L4150: Camctrl RecvThread Start, ThreadId[5804]
[2018-01-02 16:59:49:0865] | CInterfaceManager.cpp-L3980: Camctrl DisplayThread Start, ThreadId[5796]
[2018-01-02 17:04:19:0173] | CInterfaceManager.cpp-L4291: RecvThreadProcess exit
[2018-01-02 17:04:19:0222] | CInterfaceManager.cpp-L4138: DisplayProcess exit
[2018-01-02 17:04:19:0247] | CInterfaceManager.cpp-L1194: getfcnt [0], getfcntsucceed[0], totalRecv[0] 
[2018-01-02 17:08:14:0155] | CInterfaceManager.cpp-L4464: CamCtrl[2020104], GigE SDKVersion(1040104), DriverVersion(1040104)
[2018-01-02 17:08:15:0863] | CInterfaceManager.cpp-L1055: remalloc RecvBuf succeed, [5015552]
[2018-01-02 17:08:15:0888] | CInterfaceManager.cpp-L4150: Camctrl RecvThread Start, ThreadId[2812]
[2018-01-02 17:08:15:0888] | CInterfaceManager.cpp-L3980: Camctrl DisplayThread Start, ThreadId[4796]
[2018-01-02 17:09:50:0093] | CInterfaceManager.cpp-L4138: DisplayProcess exit
[2018-01-02 17:09:50:0138] | CInterfaceManager.cpp-L4291: RecvThreadProcess exit
[2018-01-02 17:09:50:0163] | CInterfaceManager.cpp-L1194: getfcnt [0], getfcntsucceed[0], totalRecv[0] 
[2018-01-02 17:10:16:0867] | CInterfaceManager.cpp-L4464: CamCtrl[2020104], GigE SDKVersion(1040104), DriverVersion(1040104)
[2018-01-02 17:10:18:0220] | CInterfaceManager.cpp-L1055: remalloc RecvBuf succeed, [5015552]
[2018-01-02 17:10:18:0245] | CInterfaceManager.cpp-L4150: Camctrl RecvThread Start, ThreadId[4532]
[2018-01-02 17:10:18:0245] | CInterfaceManager.cpp-L3980: Camctrl DisplayThread Start, ThreadId[6064]
[2018-01-02 17:10:25:0343] | CInterfaceManager.cpp-L4291: RecvThreadProcess exit
[2018-01-02 17:10:25:0345] | CInterfaceManager.cpp-L4138: DisplayProcess exit
[2018-01-02 17:10:25:0370] | CInterfaceManager.cpp-L1194: getfcnt [0], getfcntsucceed[0], totalRecv[0] 
[2018-01-02 17:11:14:0913] | CInterfaceManager.cpp-L4464: CamCtrl[2020104], GigE SDKVersion(1040104), DriverVersion(1040104)
[2018-01-02 17:11:16:0866] | CInterfaceManager.cpp-L1055: remalloc RecvBuf succeed, [5015552]
[2018-01-02 17:11:16:0892] | CInterfaceManager.cpp-L4150: Camctrl RecvThread Start, ThreadId[5156]
[2018-01-02 17:11:16:0892] | CInterfaceManager.cpp-L3980: Camctrl DisplayThread Start, ThreadId[4388]
[2018-01-02 17:17:26:0938] | CInterfaceManager.cpp-L4291: RecvThreadProcess exit
[2018-01-02 17:17:26:0941] | CInterfaceManager.cpp-L4138: DisplayProcess exit
[2018-01-02 17:17:26:0968] | CInterfaceManager.cpp-L1194: getfcnt [0], getfcntsucceed[0], totalRecv[0] 
[2018-01-02 17:17:56:0618] | CInterfaceManager.cpp-L4464: CamCtrl[2020104], GigE SDKVersion(1040104), DriverVersion(1040104)
[2018-01-02 17:17:58:0474] | CInterfaceManager.cpp-L1055: remalloc RecvBuf succeed, [5015552]
[2018-01-02 17:17:58:0500] | CInterfaceManager.cpp-L4150: Camctrl RecvThread Start, ThreadId[6112]
[2018-01-02 17:17:58:0500] | CInterfaceManager.cpp-L3980: Camctrl DisplayThread Start, ThreadId[4388]
[2018-01-02 17:18:19:0602] | CInterfaceManager.cpp-L4138: DisplayProcess exit
[2018-01-02 17:18:19:0669] | CInterfaceManager.cpp-L4291: RecvThreadProcess exit
[2018-01-02 17:18:19:0699] | CInterfaceManager.cpp-L1194: getfcnt [0], getfcntsucceed[0], totalRecv[0] 
[2018-01-02 17:18:52:0990] | CInterfaceManager.cpp-L4464: CamCtrl[2020104], GigE SDKVersion(1040104), DriverVersion(1040104)
[2018-01-02 17:19:00:0932] | CInterfaceManager.cpp-L1055: remalloc RecvBuf succeed, [5015552]
[2018-01-02 17:19:00:0956] | CInterfaceManager.cpp-L4150: Camctrl RecvThread Start, ThreadId[4044]
[2018-01-02 17:19:00:0956] | CInterfaceManager.cpp-L3980: Camctrl DisplayThread Start, ThreadId[2020]
[2018-01-02 17:20:25:0764] | CInterfaceManager.cpp-L4138: DisplayProcess exit
[2018-01-02 17:20:25:0814] | CInterfaceManager.cpp-L4291: RecvThreadProcess exit
[2018-01-02 17:20:25:0838] | CInterfaceManager.cpp-L1194: getfcnt [0], getfcntsucceed[0], totalRecv[0] 
[2018-01-02 16:50:34:0406] | CInterfaceManager.cpp-L4464: CamCtrl[2020104], GigE SDKVersion(1040104), DriverVersion(1040104)
[2018-01-02 16:50:36:0851] | CInterfaceManager.cpp-L1055: remalloc RecvBuf succeed, [5015552]
[2018-01-02 16:50:36:0877] | CInterfaceManager.cpp-L4150: Camctrl RecvThread Start, ThreadId[616]
[2018-01-02 16:50:36:0877] | CInterfaceManager.cpp-L3980: Camctrl DisplayThread Start, ThreadId[1204]
[2018-01-02 17:05:23:0716] | CInterfaceManager.cpp-L4291: RecvThreadProcess exit
[2018-01-02 17:05:23:0802] | CInterfaceManager.cpp-L4138: DisplayProcess exit
[2018-01-02 17:15:57:0518] | CInterfaceManager.cpp-L4464: CamCtrl[2020104], GigE SDKVersion(1040104), DriverVersion(1040104)
[2018-01-02 17:15:58:0606] | CInterfaceManager.cpp-L1055: remalloc RecvBuf succeed, [5015552]
[2018-01-02 17:15:58:0630] | CInterfaceManager.cpp-L4150: Camctrl RecvThread Start, ThreadId[5512]
[2018-01-02 17:15:58:0630] | CInterfaceManager.cpp-L3980: Camctrl DisplayThread Start, ThreadId[5524]
[2018-01-02 17:16:44:0233] | CInterfaceManager.cpp-L4138: DisplayProcess exit
[2018-01-02 17:16:44:0288] | CInterfaceManager.cpp-L4291: RecvThreadProcess exit
[2018-01-02 17:17:51:0767] | CInterfaceManager.cpp-L4464: CamCtrl[2020104], GigE SDKVersion(1040104), DriverVersion(1040104)
[2018-01-02 17:17:52:0926] | CInterfaceManager.cpp-L1055: remalloc RecvBuf succeed, [5015552]
[2018-01-02 17:17:52:0951] | CInterfaceManager.cpp-L4150: Camctrl RecvThread Start, ThreadId[5792]
[2018-01-02 17:17:52:0951] | CInterfaceManager.cpp-L3980: Camctrl DisplayThread Start, ThreadId[4624]
[2018-01-02 17:18:59:0496] | CInterfaceManager.cpp-L4464: CamCtrl[2020104], GigE SDKVersion(1040104), DriverVersion(1040104)
[2018-01-02 17:19:00:0983] | CInterfaceManager.cpp-L1055: remalloc RecvBuf succeed, [5015552]
[2018-01-02 17:19:01:0008] | CInterfaceManager.cpp-L4150: Camctrl RecvThread Start, ThreadId[3144]
[2018-01-02 17:19:01:0008] | CInterfaceManager.cpp-L3980: Camctrl DisplayThread Start, ThreadId[5216]
[2018-01-02 17:19:23:0942] | CInterfaceManager.cpp-L4291: RecvThreadProcess exit
[2018-01-02 17:19:24:0009] | CInterfaceManager.cpp-L4138: DisplayProcess exit
[2018-01-02 17:19:24:0034] | CInterfaceManager.cpp-L1194: getfcnt [0], getfcntsucceed[0], totalRecv[0] 
[2018-01-02 17:19:38:0207] | CInterfaceManager.cpp-L4464: CamCtrl[2020104], GigE SDKVersion(1040104), DriverVersion(1040104)
[2018-01-02 17:19:39:0214] | CInterfaceManager.cpp-L1055: remalloc RecvBuf succeed, [5015552]
[2018-01-02 17:19:39:0239] | CInterfaceManager.cpp-L4150: Camctrl RecvThread Start, ThreadId[4888]
[2018-01-02 17:19:39:0239] | CInterfaceManager.cpp-L3980: Camctrl DisplayThread Start, ThreadId[4388]
[2018-01-02 17:20:28:0347] | CInterfaceManager.cpp-L1194: getfcnt [0], getfcntsucceed[0], totalRecv[0] 
[2018-01-02 17:20:29:0548] | CInterfaceManager.cpp-L4291: RecvThreadProcess exit
[2018-01-02 17:20:29:0551] | CInterfaceManager.cpp-L4138: DisplayProcess exit
[2018-01-02 17:26:30:0112] | CInterfaceManager.cpp-L4464: CamCtrl[2020104], GigE SDKVersion(1040104), DriverVersion(1040104)
[2018-01-02 17:26:31:0591] | CInterfaceManager.cpp-L1055: remalloc RecvBuf succeed, [5015552]
[2018-01-02 17:26:31:0616] | CInterfaceManager.cpp-L4150: Camctrl RecvThread Start, ThreadId[4532]
[2018-01-02 17:26:31:0616] | CInterfaceManager.cpp-L3980: Camctrl DisplayThread Start, ThreadId[3724]
[2018-01-02 16:51:30:0081] | CInterfaceManager.cpp-L4138: DisplayProcess exit
[2018-01-02 16:51:30:0115] | CInterfaceManager.cpp-L4291: RecvThreadProcess exit
[2018-01-02 17:25:51:0374] | CInterfaceManager.cpp-L4464: CamCtrl[2020104], GigE SDKVersion(1040104), DriverVersion(1040104)
[2018-01-02 17:25:52:0446] | CInterfaceManager.cpp-L1055: remalloc RecvBuf succeed, [5015552]
[2018-01-02 17:25:52:0471] | CInterfaceManager.cpp-L4150: Camctrl RecvThread Start, ThreadId[5696]
[2018-01-02 17:25:52:0471] | CInterfaceManager.cpp-L3980: Camctrl DisplayThread Start, ThreadId[4376]
[2018-01-02 17:27:12:0814] | CInterfaceManager.cpp-L1194: getfcnt [0], getfcntsucceed[0], totalRecv[0] 
[2018-01-02 17:27:13:0322] | CInterfaceManager.cpp-L4291: RecvThreadProcess exit
[2018-01-02 17:27:13:0376] | CInterfaceManager.cpp-L4138: DisplayProcess exit
[2018-01-02 17:30:13:0426] | CInterfaceManager.cpp-L4464: CamCtrl[2020104], GigE SDKVersion(1040104), DriverVersion(1040104)
[2018-01-02 17:30:14:0305] | CInterfaceManager.cpp-L1055: remalloc RecvBuf succeed, [5015552]
[2018-01-02 17:30:14:0333] | CInterfaceManager.cpp-L4150: Camctrl RecvThread Start, ThreadId[5636]
[2018-01-02 17:30:14:0333] | CInterfaceManager.cpp-L3980: Camctrl DisplayThread Start, ThreadId[2452]
[2018-01-02 17:32:58:0091] | CInterfaceManager.cpp-L4138: DisplayProcess exit
[2018-01-02 17:32:58:0118] | CInterfaceManager.cpp-L4291: RecvThreadProcess exit
[2018-01-02 17:32:58:0143] | CInterfaceManager.cpp-L1194: getfcnt [0], getfcntsucceed[0], totalRecv[0] 
[2018-01-02 17:34:37:0776] | CInterfaceManager.cpp-L4464: CamCtrl[2020104], GigE SDKVersion(1040104), DriverVersion(1040104)
[2018-01-02 17:34:38:0952] | CInterfaceManager.cpp-L1055: remalloc RecvBuf succeed, [5015552]
[2018-01-02 17:34:38:0978] | CInterfaceManager.cpp-L4150: Camctrl RecvThread Start, ThreadId[4008]
[2018-01-02 17:34:38:0979] | CInterfaceManager.cpp-L3980: Camctrl DisplayThread Start, ThreadId[2608]
[2018-01-02 17:35:33:0850] | CInterfaceManager.cpp-L4291: RecvThreadProcess exit
[2018-01-02 17:35:33:0882] | CInterfaceManager.cpp-L4138: DisplayProcess exit
[2018-01-02 17:35:33:0907] | CInterfaceManager.cpp-L1194: getfcnt [0], getfcntsucceed[0], totalRecv[0] 
[2018-01-02 17:15:59:0921] | CInterfaceManager.cpp-L4464: CamCtrl[2020104], GigE SDKVersion(1040104), DriverVersion(1040104)
[2018-01-02 17:16:01:0012] | CInterfaceManager.cpp-L1055: remalloc RecvBuf succeed, [5015552]
[2018-01-02 17:16:01:0040] | CInterfaceManager.cpp-L4150: Camctrl RecvThread Start, ThreadId[5412]
[2018-01-02 17:16:01:0040] | CInterfaceManager.cpp-L3980: Camctrl DisplayThread Start, ThreadId[6136]
[2018-01-02 17:16:14:0142] | CInterfaceManager.cpp-L4138: DisplayProcess exit
[2018-01-02 17:16:14:0184] | CInterfaceManager.cpp-L4291: RecvThreadProcess exit
[2018-01-02 17:16:14:0208] | CInterfaceManager.cpp-L1194: getfcnt [0], getfcntsucceed[0], totalRecv[0] 
[2018-01-02 17:19:47:0405] | CInterfaceManager.cpp-L4464: CamCtrl[2020104], GigE SDKVersion(1040104), DriverVersion(1040104)
[2018-01-02 17:19:48:0378] | CInterfaceManager.cpp-L1055: remalloc RecvBuf succeed, [5015552]
[2018-01-02 17:19:48:0405] | CInterfaceManager.cpp-L4150: Camctrl RecvThread Start, ThreadId[3624]
[2018-01-02 17:19:48:0405] | CInterfaceManager.cpp-L3980: Camctrl DisplayThread Start, ThreadId[5772]
[2018-01-02 17:20:02:0787] | CInterfaceManager.cpp-L4291: RecvThreadProcess exit
[2018-01-02 17:20:02:0878] | CInterfaceManager.cpp-L4138: DisplayProcess exit
[2018-01-02 17:20:02:0903] | CInterfaceManager.cpp-L1194: getfcnt [0], getfcntsucceed[0], totalRecv[0] 
[2018-01-02 17:20:22:0889] | CInterfaceManager.cpp-L4464: CamCtrl[2020104], GigE SDKVersion(1040104), DriverVersion(1040104)
[2018-01-02 17:20:24:0884] | CInterfaceManager.cpp-L1055: remalloc RecvBuf succeed, [5015552]
[2018-01-02 17:20:24:0910] | CInterfaceManager.cpp-L4150: Camctrl RecvThread Start, ThreadId[5664]
[2018-01-02 17:20:24:0910] | CInterfaceManager.cpp-L3980: Camctrl DisplayThread Start, ThreadId[4924]
[2018-01-02 17:20:55:0729] | CInterfaceManager.cpp-L4138: DisplayProcess exit
[2018-01-02 17:20:55:0801] | CInterfaceManager.cpp-L4291: RecvThreadProcess exit
[2018-01-02 17:20:55:0825] | CInterfaceManager.cpp-L1194: getfcnt [0], getfcntsucceed[0], totalRecv[0] 
[2018-01-02 17:21:35:0422] | CInterfaceManager.cpp-L4464: CamCtrl[2020104], GigE SDKVersion(1040104), DriverVersion(1040104)
[2018-01-02 17:21:37:0675] | CInterfaceManager.cpp-L1055: remalloc RecvBuf succeed, [5015552]
[2018-01-02 17:21:37:0702] | CInterfaceManager.cpp-L4150: Camctrl RecvThread Start, ThreadId[2992]
[2018-01-02 17:21:37:0702] | CInterfaceManager.cpp-L3980: Camctrl DisplayThread Start, ThreadId[3008]
[2018-01-02 17:22:15:0405] | CInterfaceManager.cpp-L4138: DisplayProcess exit
[2018-01-02 17:22:15:0417] | CInterfaceManager.cpp-L4291: RecvThreadProcess exit
[2018-01-02 17:22:15:0441] | CInterfaceManager.cpp-L1194: getfcnt [0], getfcntsucceed[0], totalRecv[0] 
[2018-01-02 17:24:04:0567] | CInterfaceManager.cpp-L4464: CamCtrl[2020104], GigE SDKVersion(1040104), DriverVersion(1040104)
[2018-01-02 17:24:06:0172] | CInterfaceManager.cpp-L1055: remalloc RecvBuf succeed, [5015552]
[2018-01-02 17:24:06:0197] | CInterfaceManager.cpp-L4150: Camctrl RecvThread Start, ThreadId[5244]
[2018-01-02 17:24:06:0197] | CInterfaceManager.cpp-L3980: Camctrl DisplayThread Start, ThreadId[2960]
[2018-01-02 17:24:15:0203] | CInterfaceManager.cpp-L4138: DisplayProcess exit
[2018-01-02 17:24:15:0260] | CInterfaceManager.cpp-L4291: RecvThreadProcess exit
[2018-01-02 17:24:15:0285] | CInterfaceManager.cpp-L1194: getfcnt [0], getfcntsucceed[0], totalRecv[0] 
[2018-01-02 17:24:27:0290] | CInterfaceManager.cpp-L4464: CamCtrl[2020104], GigE SDKVersion(1040104), DriverVersion(1040104)
[2018-01-02 17:24:27:0830] | CInterfaceManager.cpp-L1055: remalloc RecvBuf succeed, [5015552]
[2018-01-02 17:24:27:0859] | CInterfaceManager.cpp-L4150: Camctrl RecvThread Start, ThreadId[4220]
[2018-01-02 17:24:27:0859] | CInterfaceManager.cpp-L3980: Camctrl DisplayThread Start, ThreadId[1828]
[2018-01-02 17:25:00:0083] | CInterfaceManager.cpp-L4291: RecvThreadProcess exit
[2018-01-02 17:25:00:0161] | CInterfaceManager.cpp-L4138: DisplayProcess exit
[2018-01-02 17:25:00:0186] | CInterfaceManager.cpp-L1194: getfcnt [0], getfcntsucceed[0], totalRecv[0] 
[2018-01-02 17:33:11:0655] | CInterfaceManager.cpp-L4464: CamCtrl[2020104], GigE SDKVersion(1040104), DriverVersion(1040104)
[2018-01-02 17:33:14:0268] | CInterfaceManager.cpp-L1055: remalloc RecvBuf succeed, [5015552]
[2018-01-02 17:33:14:0295] | CInterfaceManager.cpp-L4150: Camctrl RecvThread Start, ThreadId[1536]
[2018-01-02 17:33:14:0295] | CInterfaceManager.cpp-L3980: Camctrl DisplayThread Start, ThreadId[3556]
[2018-01-02 17:40:27:0923] | CInterfaceManager.cpp-L4138: DisplayProcess exit
[2018-01-02 17:40:27:0944] | CInterfaceManager.cpp-L4291: RecvThreadProcess exit
[2018-01-02 17:40:27:0970] | CInterfaceManager.cpp-L1194: getfcnt [0], getfcntsucceed[0], totalRecv[0] 
[2018-01-02 17:17:30:0993] | CInterfaceManager.cpp-L4464: CamCtrl[2020104], GigE SDKVersion(1040104), DriverVersion(1040104)
[2018-01-02 17:17:33:0236] | CInterfaceManager.cpp-L1055: remalloc RecvBuf succeed, [5015552]
[2018-01-02 17:17:33:0261] | CInterfaceManager.cpp-L4150: Camctrl RecvThread Start, ThreadId[1612]
[2018-01-02 17:17:33:0261] | CInterfaceManager.cpp-L3980: Camctrl DisplayThread Start, ThreadId[4980]
[2018-01-02 17:18:13:0564] | CInterfaceManager.cpp-L4138: DisplayProcess exit
[2018-01-02 17:18:13:0642] | CInterfaceManager.cpp-L4291: RecvThreadProcess exit
[2018-01-02 17:18:13:0667] | CInterfaceManager.cpp-L1194: getfcnt [0], getfcntsucceed[0], totalRecv[0] 
[2018-01-02 17:21:23:0944] | CInterfaceManager.cpp-L4464: CamCtrl[2020104], GigE SDKVersion(1040104), DriverVersion(1040104)
[2018-01-02 17:21:24:0899] | CInterfaceManager.cpp-L1055: remalloc RecvBuf succeed, [5015552]
[2018-01-02 17:21:24:0924] | CInterfaceManager.cpp-L4150: Camctrl RecvThread Start, ThreadId[2084]
[2018-01-02 17:21:24:0924] | CInterfaceManager.cpp-L3980: Camctrl DisplayThread Start, ThreadId[4200]
[2018-01-02 17:26:45:0146] | CInterfaceManager.cpp-L4138: DisplayProcess exit
[2018-01-02 17:26:45:0178] | CInterfaceManager.cpp-L4291: RecvThreadProcess exit
[2018-01-02 17:26:45:0202] | CInterfaceManager.cpp-L1194: getfcnt [0], getfcntsucceed[0], totalRecv[0] 
[2018-01-02 17:26:54:0994] | CInterfaceManager.cpp-L4464: CamCtrl[2020104], GigE SDKVersion(1040104), DriverVersion(1040104)
[2018-01-02 17:26:56:0163] | CInterfaceManager.cpp-L1055: remalloc RecvBuf succeed, [5015552]
[2018-01-02 17:26:56:0188] | CInterfaceManager.cpp-L4150: Camctrl RecvThread Start, ThreadId[5088]
[2018-01-02 17:26:56:0188] | CInterfaceManager.cpp-L3980: Camctrl DisplayThread Start, ThreadId[4696]
[2018-01-02 17:27:09:0279] | CInterfaceManager.cpp-L4291: RecvThreadProcess exit
[2018-01-02 17:27:09:0289] | CInterfaceManager.cpp-L4138: DisplayProcess exit
[2018-01-02 17:27:09:0313] | CInterfaceManager.cpp-L1194: getfcnt [0], getfcntsucceed[0], totalRecv[0] 
[2018-01-02 17:27:53:0514] | CInterfaceManager.cpp-L4464: CamCtrl[2020104], GigE SDKVersion(1040104), DriverVersion(1040104)
[2018-01-02 17:27:54:0637] | CInterfaceManager.cpp-L1055: remalloc RecvBuf succeed, [5015552]
[2018-01-02 17:27:54:0662] | CInterfaceManager.cpp-L4150: Camctrl RecvThread Start, ThreadId[1396]
[2018-01-02 17:27:54:0662] | CInterfaceManager.cpp-L3980: Camctrl DisplayThread Start, ThreadId[2684]
[2018-01-02 17:29:37:0174] | CInterfaceManager.cpp-L4138: DisplayProcess exit
[2018-01-02 17:29:37:0195] | CInterfaceManager.cpp-L4291: RecvThreadProcess exit
[2018-01-02 17:29:37:0220] | CInterfaceManager.cpp-L1194: getfcnt [0], getfcntsucceed[0], totalRecv[0] 
[2018-01-02 17:06:02:0047] | CInterfaceManager.cpp-L4464: CamCtrl[2020104], GigE SDKVersion(1040104), DriverVersion(1040104)
[2018-01-02 17:06:03:0123] | CInterfaceManager.cpp-L1055: remalloc RecvBuf succeed, [5015552]
[2018-01-02 17:06:03:0151] | CInterfaceManager.cpp-L4150: Camctrl RecvThread Start, ThreadId[1432]
[2018-01-02 17:06:03:0151] | CInterfaceManager.cpp-L3980: Camctrl DisplayThread Start, ThreadId[5096]
[2018-01-02 17:35:59:0592] | CInterfaceManager.cpp-L4138: DisplayProcess exit
[2018-01-02 17:35:59:0596] | CInterfaceManager.cpp-L4291: RecvThreadProcess exit
[2018-01-02 17:35:59:0621] | CInterfaceManager.cpp-L1194: getfcnt [0], getfcntsucceed[0], totalRecv[0] 
[2018-01-02 17:36:00:0690] | CInterfaceManager.cpp-L4464: CamCtrl[2020104], GigE SDKVersion(1040104), DriverVersion(1040104)
[2018-01-05 09:52:45:0974] | CInterfaceManager.cpp-L4464: CamCtrl[2020104], GigE SDKVersion(1040104), DriverVersion(1040104)
[2018-01-05 09:52:48:0432] | CInterfaceManager.cpp-L1055: remalloc RecvBuf succeed, [5015552]
[2018-01-05 09:52:48:0458] | CInterfaceManager.cpp-L4150: Camctrl RecvThread Start, ThreadId[4724]
[2018-01-05 09:52:48:0458] | CInterfaceManager.cpp-L3980: Camctrl DisplayThread Start, ThreadId[4748]
[2018-01-05 09:53:18:0903] | CInterfaceManager.cpp-L4291: RecvThreadProcess exit
[2018-01-05 09:53:18:0959] | CInterfaceManager.cpp-L4138: DisplayProcess exit
[2018-01-05 09:53:18:0984] | CInterfaceManager.cpp-L1194: getfcnt [0], getfcntsucceed[0], totalRecv[0] 
[2018-01-05 09:56:33:0884] | CInterfaceManager.cpp-L4464: CamCtrl[2020104], GigE SDKVersion(1040104), DriverVersion(1040104)
[2018-01-05 09:56:34:0717] | CInterfaceManager.cpp-L1055: remalloc RecvBuf succeed, [5015552]
[2018-01-05 09:56:34:0742] | CInterfaceManager.cpp-L4150: Camctrl RecvThread Start, ThreadId[4540]
[2018-01-05 09:56:34:0742] | CInterfaceManager.cpp-L3980: Camctrl DisplayThread Start, ThreadId[1756]
[2018-01-05 10:02:01:0176] | CInterfaceManager.cpp-L4464: CamCtrl[2020104], GigE SDKVersion(1040104), DriverVersion(1040104)
[2018-01-05 10:02:02:0164] | CInterfaceManager.cpp-L1055: remalloc RecvBuf succeed, [5015552]
[2018-01-05 10:02:02:0190] | CInterfaceManager.cpp-L4150: Camctrl RecvThread Start, ThreadId[5864]
[2018-01-05 10:02:02:0191] | CInterfaceManager.cpp-L3980: Camctrl DisplayThread Start, ThreadId[5868]
[2018-01-05 10:09:39:0801] | CInterfaceManager.cpp-L4291: RecvThreadProcess exit
[2018-01-05 10:09:39:0814] | CInterfaceManager.cpp-L4138: DisplayProcess exit
[2018-01-05 10:09:39:0839] | CInterfaceManager.cpp-L1194: getfcnt [0], getfcntsucceed[0], totalRecv[0] 
[2018-01-05 10:17:32:0789] | CInterfaceManager.cpp-L4464: CamCtrl[2020104], GigE SDKVersion(1040104), DriverVersion(1040104)
[2018-01-05 10:17:33:0750] | CInterfaceManager.cpp-L1055: remalloc RecvBuf succeed, [5015552]
[2018-01-05 10:17:33:0775] | CInterfaceManager.cpp-L4150: Camctrl RecvThread Start, ThreadId[4528]
[2018-01-05 10:17:33:0775] | CInterfaceManager.cpp-L3980: Camctrl DisplayThread Start, ThreadId[2072]
[2018-01-05 10:18:46:0379] | CInterfaceManager.cpp-L4138: DisplayProcess exit
[2018-01-05 10:18:46:0464] | CInterfaceManager.cpp-L4291: RecvThreadProcess exit
[2018-01-05 10:18:46:0489] | CInterfaceManager.cpp-L1194: getfcnt [0], getfcntsucceed[0], totalRecv[0] 
[2018-01-05 10:20:34:0779] | CInterfaceManager.cpp-L4464: CamCtrl[2020104], GigE SDKVersion(1040104), DriverVersion(1040104)
[2018-01-05 10:20:35:0718] | CInterfaceManager.cpp-L1055: remalloc RecvBuf succeed, [5015552]
[2018-01-05 10:20:35:0742] | CInterfaceManager.cpp-L4150: Camctrl RecvThread Start, ThreadId[2732]
[2018-01-05 10:20:35:0742] | CInterfaceManager.cpp-L3980: Camctrl DisplayThread Start, ThreadId[5428]
[2018-01-05 10:21:36:0843] | CInterfaceManager.cpp-L4291: RecvThreadProcess exit
[2018-01-05 10:21:36:0871] | CInterfaceManager.cpp-L4138: DisplayProcess exit
[2018-01-05 10:21:36:0896] | CInterfaceManager.cpp-L1194: getfcnt [0], getfcntsucceed[0], totalRecv[0] 
[2018-01-05 10:03:17:0029] | CInterfaceManager.cpp-L4464: CamCtrl[2020104], GigE SDKVersion(1040104), DriverVersion(1040104)
[2018-01-05 10:03:25:0743] | CInterfaceManager.cpp-L4464: CamCtrl[2020104], GigE SDKVersion(1040104), DriverVersion(1040104)
[2018-01-05 10:03:26:0695] | CInterfaceManager.cpp-L1055: remalloc RecvBuf succeed, [5015552]
[2018-01-05 10:03:26:0720] | CInterfaceManager.cpp-L4150: Camctrl RecvThread Start, ThreadId[2328]
[2018-01-05 10:03:26:0720] | CInterfaceManager.cpp-L3980: Camctrl DisplayThread Start, ThreadId[4236]
[2018-01-05 10:03:44:0602] |         XmlParse.cpp-L2237: SetNodeValue [ExposureAuto], [Node is not writable. : AccessException thrown in node 'ExposureAuto' while calling 'ExposureAuto.SetIntValue()' (file 'EnumerationT.h', line 83)]
[2018-01-05 10:06:02:0615] | CInterfaceManager.cpp-L4138: DisplayProcess exit
[2018-01-05 10:06:02:0634] | CInterfaceManager.cpp-L4291: RecvThreadProcess exit
[2018-01-05 10:06:02:0660] | CInterfaceManager.cpp-L1194: getfcnt [0], getfcntsucceed[0], totalRecv[0] 
[2018-01-05 10:09:56:0379] | CInterfaceManager.cpp-L4464: CamCtrl[2020104], GigE SDKVersion(1040104), DriverVersion(1040104)
[2018-01-05 10:09:58:0370] | CInterfaceManager.cpp-L1055: remalloc RecvBuf succeed, [5015552]
[2018-01-05 10:09:58:0394] | CInterfaceManager.cpp-L4150: Camctrl RecvThread Start, ThreadId[4128]
[2018-01-05 10:09:58:0394] | CInterfaceManager.cpp-L3980: Camctrl DisplayThread Start, ThreadId[1340]
[2018-01-05 10:30:47:0281] | CInterfaceManager.cpp-L4291: RecvThreadProcess exit
[2018-01-05 10:30:47:0357] | CInterfaceManager.cpp-L4138: DisplayProcess exit
[2018-01-05 10:30:47:0381] | CInterfaceManager.cpp-L1194: getfcnt [0], getfcntsucceed[0], totalRecv[0] 
[2018-01-05 10:43:13:0874] | CInterfaceManager.cpp-L4464: CamCtrl[2020104], GigE SDKVersion(1040104), DriverVersion(1040104)
[2018-01-05 10:43:15:0711] | CInterfaceManager.cpp-L1055: remalloc RecvBuf succeed, [5015552]
[2018-01-05 10:43:15:0736] | CInterfaceManager.cpp-L4150: Camctrl RecvThread Start, ThreadId[5316]
[2018-01-05 10:43:15:0736] | CInterfaceManager.cpp-L3980: Camctrl DisplayThread Start, ThreadId[5320]
[2018-01-05 09:55:13:0216] | CInterfaceManager.cpp-L4464: CamCtrl[2020104], GigE SDKVersion(1040104), DriverVersion(1040104)
[2018-01-05 09:55:14:0432] | CInterfaceManager.cpp-L1055: remalloc RecvBuf succeed, [5015552]
[2018-01-05 09:55:14:0456] | CInterfaceManager.cpp-L4150: Camctrl RecvThread Start, ThreadId[3024]
[2018-01-05 09:55:14:0456] | CInterfaceManager.cpp-L3980: Camctrl DisplayThread Start, ThreadId[1076]
[2018-01-05 10:00:52:0020] | CInterfaceManager.cpp-L4138: DisplayProcess exit
[2018-01-05 10:00:52:0081] | CInterfaceManager.cpp-L4291: RecvThreadProcess exit
[2018-01-05 10:00:52:0106] | CInterfaceManager.cpp-L1194: getfcnt [0], getfcntsucceed[0], totalRecv[0] 
[2018-01-05 10:01:07:0660] | CInterfaceManager.cpp-L4464: CamCtrl[2020104], GigE SDKVersion(1040104), DriverVersion(1040104)
[2018-01-05 10:01:08:0691] | CInterfaceManager.cpp-L1055: remalloc RecvBuf succeed, [5015552]
[2018-01-05 10:01:08:0716] | CInterfaceManager.cpp-L4150: Camctrl RecvThread Start, ThreadId[1140]
[2018-01-05 10:01:08:0716] | CInterfaceManager.cpp-L3980: Camctrl DisplayThread Start, ThreadId[5108]
[2018-01-05 10:04:55:0188] | CInterfaceManager.cpp-L4138: DisplayProcess exit
[2018-01-05 10:04:55:0203] | CInterfaceManager.cpp-L4291: RecvThreadProcess exit
[2018-01-05 10:04:55:0230] | CInterfaceManager.cpp-L1194: getfcnt [0], getfcntsucceed[0], totalRecv[0] 
[2018-01-05 10:05:07:0562] | CInterfaceManager.cpp-L4464: CamCtrl[2020104], GigE SDKVersion(1040104), DriverVersion(1040104)
[2018-01-05 10:05:08:0462] | CInterfaceManager.cpp-L1055: remalloc RecvBuf succeed, [5015552]
[2018-01-05 10:05:08:0487] | CInterfaceManager.cpp-L4150: Camctrl RecvThread Start, ThreadId[976]
[2018-01-05 10:05:08:0487] | CInterfaceManager.cpp-L3980: Camctrl DisplayThread Start, ThreadId[4976]
[2018-01-05 10:10:29:0582] | CInterfaceManager.cpp-L4138: DisplayProcess exit
[2018-01-05 10:10:29:0620] | CInterfaceManager.cpp-L4291: RecvThreadProcess exit
[2018-01-05 10:10:29:0649] | CInterfaceManager.cpp-L1194: getfcnt [0], getfcntsucceed[0], totalRecv[0] 
[2018-01-05 10:10:30:0581] | CInterfaceManager.cpp-L4464: CamCtrl[2020104], GigE SDKVersion(1040104), DriverVersion(1040104)
[2018-01-05 10:10:32:0015] | CInterfaceManager.cpp-L1055: remalloc RecvBuf succeed, [5015552]
[2018-01-05 10:10:32:0040] | CInterfaceManager.cpp-L4150: Camctrl RecvThread Start, ThreadId[3024]
[2018-01-05 10:10:32:0040] | CInterfaceManager.cpp-L3980: Camctrl DisplayThread Start, ThreadId[2756]
[2018-01-05 10:10:53:0602] |         XmlParse.cpp-L2237: SetNodeValue [ExposureAuto], [Node is not writable. : AccessException thrown in node 'ExposureAuto' while calling 'ExposureAuto.SetIntValue()' (file 'EnumerationT.h', line 83)]
[2018-01-05 10:11:06:0542] | CInterfaceManager.cpp-L4138: DisplayProcess exit
[2018-01-05 10:11:06:0548] | CInterfaceManager.cpp-L4291: RecvThreadProcess exit
[2018-01-05 10:11:06:0572] | CInterfaceManager.cpp-L1194: getfcnt [0], getfcntsucceed[0], totalRecv[0] 
[2018-01-05 10:13:33:0821] | CInterfaceManager.cpp-L4464: CamCtrl[2020104], GigE SDKVersion(1040104), DriverVersion(1040104)
[2018-01-05 10:13:35:0369] | CInterfaceManager.cpp-L1055: remalloc RecvBuf succeed, [5015552]
[2018-01-05 10:13:35:0394] | CInterfaceManager.cpp-L4150: Camctrl RecvThread Start, ThreadId[2132]
[2018-01-05 10:13:35:0394] | CInterfaceManager.cpp-L3980: Camctrl DisplayThread Start, ThreadId[4184]
[2018-01-05 10:21:58:0110] |         XmlParse.cpp-L2237: SetNodeValue [ExposureAuto], [Node is not writable. : AccessException thrown in node 'ExposureAuto' while calling 'ExposureAuto.SetIntValue()' (file 'EnumerationT.h', line 83)]
[2018-01-05 09:56:00:0983] | CInterfaceManager.cpp-L4464: CamCtrl[2020104], GigE SDKVersion(1040104), DriverVersion(1040104)
[2018-01-05 09:56:06:0847] | CInterfaceManager.cpp-L4291: RecvThreadProcess exit
[2018-01-05 09:56:06:0878] | CInterfaceManager.cpp-L4138: DisplayProcess exit
[2018-01-05 09:56:11:0745] | CInterfaceManager.cpp-L4464: CamCtrl[2020104], GigE SDKVersion(1040104), DriverVersion(1040104)
[2018-01-05 09:56:13:0133] | CInterfaceManager.cpp-L1055: remalloc RecvBuf succeed, [5015552]
[2018-01-05 09:56:13:0157] | CInterfaceManager.cpp-L4150: Camctrl RecvThread Start, ThreadId[5980]
[2018-01-05 09:56:13:0157] | CInterfaceManager.cpp-L3980: Camctrl DisplayThread Start, ThreadId[5984]
[2018-01-05 17:07:52:0785] | CInterfaceManager.cpp-L4138: DisplayProcess exit
[2018-01-05 17:07:52:0802] | CInterfaceManager.cpp-L4291: RecvThreadProcess exit
[2018-01-05 17:07:52:0828] | CInterfaceManager.cpp-L1194: getfcnt [0], getfcntsucceed[0], totalRecv[0] 
[2018-01-08 09:02:31:0992] | CInterfaceManager.cpp-L4464: CamCtrl[2020104], GigE SDKVersion(1040104), DriverVersion(1040104)
[2018-01-08 09:02:33:0348] | CInterfaceManager.cpp-L1055: remalloc RecvBuf succeed, [5015552]
[2018-01-08 09:02:33:0372] | CInterfaceManager.cpp-L4150: Camctrl RecvThread Start, ThreadId[1848]
[2018-01-08 09:02:33:0372] | CInterfaceManager.cpp-L3980: Camctrl DisplayThread Start, ThreadId[2696]
[2018-01-08 09:04:33:0301] | CInterfaceManager.cpp-L4138: DisplayProcess exit
[2018-01-08 09:04:33:0320] | CInterfaceManager.cpp-L4291: RecvThreadProcess exit
[2018-01-08 09:04:33:0345] | CInterfaceManager.cpp-L1194: getfcnt [0], getfcntsucceed[0], totalRecv[0] 
[2018-01-08 09:05:58:0618] | CInterfaceManager.cpp-L4464: CamCtrl[2020104], GigE SDKVersion(1040104), DriverVersion(1040104)
[2018-01-08 09:05:59:0509] | CInterfaceManager.cpp-L1055: remalloc RecvBuf succeed, [5015552]
[2018-01-08 09:05:59:0533] | CInterfaceManager.cpp-L4150: Camctrl RecvThread Start, ThreadId[5608]
[2018-01-08 09:05:59:0533] | CInterfaceManager.cpp-L3980: Camctrl DisplayThread Start, ThreadId[5776]
[2018-01-08 09:08:11:0939] | CInterfaceManager.cpp-L4291: RecvThreadProcess exit
[2018-01-08 09:08:11:0942] | CInterfaceManager.cpp-L4138: DisplayProcess exit
[2018-01-08 09:08:11:0966] | CInterfaceManager.cpp-L1194: getfcnt [0], getfcntsucceed[0], totalRecv[0] 
[2018-01-08 09:38:48:0197] | CInterfaceManager.cpp-L4464: CamCtrl[2020104], GigE SDKVersion(1040104), DriverVersion(1040104)
[2018-01-08 09:38:55:0316] | CInterfaceManager.cpp-L4464: CamCtrl[2020104], GigE SDKVersion(1040104), DriverVersion(1040104)
[2018-01-08 09:38:56:0394] | CInterfaceManager.cpp-L1055: remalloc RecvBuf succeed, [5015552]
[2018-01-08 09:38:56:0421] | CInterfaceManager.cpp-L4150: Camctrl RecvThread Start, ThreadId[4904]
[2018-01-08 09:38:56:0421] | CInterfaceManager.cpp-L3980: Camctrl DisplayThread Start, ThreadId[3772]
[2018-01-08 09:41:56:0090] | CInterfaceManager.cpp-L4138: DisplayProcess exit
[2018-01-08 09:41:56:0161] | CInterfaceManager.cpp-L4291: RecvThreadProcess exit
[2018-01-08 09:41:56:0186] | CInterfaceManager.cpp-L1194: getfcnt [0], getfcntsucceed[0], totalRecv[0] 
[2018-01-08 09:07:49:0770] | CInterfaceManager.cpp-L4464: CamCtrl[2020104], GigE SDKVersion(1040104), DriverVersion(1040104)
[2018-01-08 09:07:50:0729] | CInterfaceManager.cpp-L1055: remalloc RecvBuf succeed, [5015552]
[2018-01-08 09:07:50:0756] | CInterfaceManager.cpp-L4150: Camctrl RecvThread Start, ThreadId[4644]
[2018-01-08 09:07:50:0756] | CInterfaceManager.cpp-L3980: Camctrl DisplayThread Start, ThreadId[4492]
[2018-01-08 09:08:03:0356] | CInterfaceManager.cpp-L4138: DisplayProcess exit
[2018-01-08 09:08:03:0381] | CInterfaceManager.cpp-L4291: RecvThreadProcess exit
[2018-01-08 09:08:03:0405] | CInterfaceManager.cpp-L1194: getfcnt [0], getfcntsucceed[0], totalRecv[0] 
[2018-01-08 09:09:17:0998] | CInterfaceManager.cpp-L4464: CamCtrl[2020104], GigE SDKVersion(1040104), DriverVersion(1040104)
[2018-01-08 09:09:18:0609] | CInterfaceManager.cpp-L1055: remalloc RecvBuf succeed, [5015552]
[2018-01-08 09:09:18:0636] | CInterfaceManager.cpp-L4150: Camctrl RecvThread Start, ThreadId[5220]
[2018-01-08 09:09:18:0636] | CInterfaceManager.cpp-L3980: Camctrl DisplayThread Start, ThreadId[2388]
[2018-01-08 09:30:00:0737] | CInterfaceManager.cpp-L4138: DisplayProcess exit
[2018-01-08 09:30:00:0768] | CInterfaceManager.cpp-L4291: RecvThreadProcess exit
[2018-01-08 09:08:55:0828] | CInterfaceManager.cpp-L4464: CamCtrl[2020104], GigE SDKVersion(1040104), DriverVersion(1040104)
[2018-01-08 09:09:30:0694] | CInterfaceManager.cpp-L1055: remalloc RecvBuf succeed, [5015552]
[2018-01-08 09:09:30:0722] | CInterfaceManager.cpp-L4150: Camctrl RecvThread Start, ThreadId[4672]
[2018-01-08 09:09:30:0722] | CInterfaceManager.cpp-L3980: Camctrl DisplayThread Start, ThreadId[4704]
[2018-01-08 09:10:47:0053] | CInterfaceManager.cpp-L4291: RecvThreadProcess exit
[2018-01-08 09:10:47:0126] | CInterfaceManager.cpp-L4138: DisplayProcess exit
[2018-01-08 09:10:47:0152] | CInterfaceManager.cpp-L1194: getfcnt [0], getfcntsucceed[0], totalRecv[0] 
[2018-01-08 09:11:23:0541] | CInterfaceManager.cpp-L4464: CamCtrl[2020104], GigE SDKVersion(1040104), DriverVersion(1040104)
[2018-01-08 09:11:25:0265] | CInterfaceManager.cpp-L1055: remalloc RecvBuf succeed, [5015552]
[2018-01-08 09:11:25:0291] | CInterfaceManager.cpp-L4150: Camctrl RecvThread Start, ThreadId[5828]
[2018-01-08 09:11:25:0291] | CInterfaceManager.cpp-L3980: Camctrl DisplayThread Start, ThreadId[6072]
[2018-01-08 09:38:54:0417] | CInterfaceManager.cpp-L4291: RecvThreadProcess exit
[2018-01-08 09:38:54:0428] | CInterfaceManager.cpp-L4138: DisplayProcess exit
[2018-01-08 09:38:54:0453] | CInterfaceManager.cpp-L1194: getfcnt [0], getfcntsucceed[0], totalRecv[0] 
